WARNING: A terminally deprecated method in sun.misc.Unsafe has been called
WARNING: sun.misc.Unsafe::staticFieldBase has been called by com.google.inject.internal.aop.HiddenClassDefiner (file:/Users/bobi/.m2/wrapper/dists/apache-maven-3.9.11/a2d47e15/lib/guice-5.1.0-classes.jar)
WARNING: Please consider reporting this to the maintainers of class com.google.inject.internal.aop.HiddenClassDefiner
WARNING: sun.misc.Unsafe::staticFieldBase will be removed in a future release
[INFO] Scanning for projects...
[INFO] 
[INFO] -------------------< mk.ukim.finki:gateway-service >--------------------
[INFO] Building gateway-service 0.0.1-SNAPSHOT
[INFO]   from pom.xml
[INFO] --------------------------------[ jar ]---------------------------------
[INFO] 
[INFO] >>> spring-boot:3.3.6:run (default-cli) > test-compile @ gateway-service >>>
[INFO] 
[INFO] --- resources:3.3.1:resources (default-resources) @ gateway-service ---
[INFO] Copying 2 resources from src/main/resources to target/classes
[INFO] Copying 0 resource from src/main/resources to target/classes
[INFO] 
[INFO] --- compiler:3.13.0:compile (default-compile) @ gateway-service ---
[INFO] Nothing to compile - all classes are up to date.
[INFO] 
[INFO] --- resources:3.3.1:testResources (default-testResources) @ gateway-service ---
[INFO] skip non existing resourceDirectory /Users/bobi/Home/Finki/Semestar 7/distribuirani-sistemi/WeatherAlerts/gateway-service/src/test/resources
[INFO] 
[INFO] --- compiler:3.13.0:testCompile (default-testCompile) @ gateway-service ---
[INFO] Nothing to compile - all classes are up to date.
[INFO] 
[INFO] <<< spring-boot:3.3.6:run (default-cli) < test-compile @ gateway-service <<<
[INFO] 
[INFO] 
[INFO] --- spring-boot:3.3.6:run (default-cli) @ gateway-service ---
[INFO] Attaching agents: []

  .   ____          _            __ _ _
 /\\ / ___'_ __ _ _(_)_ __  __ _ \ \ \ \
( ( )\___ | '_ | '_| | '_ \/ _` | \ \ \ \
 \\/  ___)| |_)| | | | | || (_| |  ) ) ) )
  '  |____| .__|_| |_|_| |_\__, | / / / /
 =========|_|==============|___/=/_/_/_/

 :: Spring Boot ::                (v3.3.6)

2025-12-24 01:48:05 [main] INFO  m.u.f.g.GatewayServiceApplication - Starting GatewayServiceApplication using Java 25.0.1 with PID 9360 (/Users/bobi/Home/Finki/Semestar 7/distribuirani-sistemi/WeatherAlerts/gateway-service/target/classes started by bobi in /Users/bobi/Home/Finki/Semestar 7/distribuirani-sistemi/WeatherAlerts/gateway-service)
2025-12-24 01:48:05 [main] INFO  m.u.f.g.GatewayServiceApplication - No active profile set, falling back to 1 default profile: "default"
WARNING: A restricted method in java.lang.System has been called
WARNING: java.lang.System::load has been called by org.apache.tomcat.jni.Library in an unnamed module (file:/Users/bobi/.m2/repository/org/apache/tomcat/embed/tomcat-embed-core/10.1.33/tomcat-embed-core-10.1.33.jar)
WARNING: Use --enable-native-access=ALL-UNNAMED to avoid a warning for callers in this module
WARNING: Restricted methods will be blocked in a future release unless native access is enabled

2025-12-24 01:48:05 [main] INFO  o.s.b.w.e.tomcat.TomcatWebServer - Tomcat initialized with port 8081 (http)
2025-12-24 01:48:05 [main] INFO  o.a.catalina.core.StandardService - Starting service [Tomcat]
2025-12-24 01:48:05 [main] INFO  o.a.catalina.core.StandardEngine - Starting Servlet engine: [Apache Tomcat/10.1.33]
2025-12-24 01:48:05 [main] INFO  o.a.c.c.C.[Tomcat].[localhost].[/] - Initializing Spring embedded WebApplicationContext
2025-12-24 01:48:05 [main] INFO  o.s.b.w.s.c.ServletWebServerApplicationContext - Root WebApplicationContext: initialization completed in 333 ms
2025-12-24 01:48:06 [main] WARN  o.s.b.a.t.ThymeleafAutoConfiguration$DefaultTemplateResolverConfiguration - Cannot find template location: classpath:/templates/ (please add some templates, check your Thymeleaf configuration, or set spring.thymeleaf.check-template-location=false)
2025-12-24 01:48:06 [main] INFO  o.s.b.w.e.tomcat.TomcatWebServer - Tomcat started on port 8081 (http) with context path '/'
2025-12-24 01:48:06 [main] INFO  o.s.m.s.b.SimpleBrokerMessageHandler - Starting...
2025-12-24 01:48:06 [main] INFO  o.s.m.s.b.SimpleBrokerMessageHandler - BrokerAvailabilityEvent[available=true, SimpleBrokerMessageHandler [org.springframework.messaging.simp.broker.DefaultSubscriptionRegistry@5f025000]]
2025-12-24 01:48:06 [main] INFO  o.s.m.s.b.SimpleBrokerMessageHandler - Started.
2025-12-24 01:48:06 [main] INFO  o.s.a.r.c.CachingConnectionFactory - Attempting to connect to: [localhost:5672]
2025-12-24 01:48:06 [main] INFO  o.s.a.r.c.CachingConnectionFactory - Created new connection: rabbitConnectionFactory#66236a0a:0/SimpleConnection@35eee641 [delegate=amqp://weather@127.0.0.1:5672/, localPort=51569]
2025-12-24 01:48:06 [main] INFO  m.u.f.g.GatewayServiceApplication - Started GatewayServiceApplication in 0.845 seconds (process running for 0.979)
[GATEWAY] Forwarded alert to /topic/alerts/karposh and /topic/alerts/all: GREEN
[GATEWAY] Forwarded alert to /topic/alerts/aerodrom and /topic/alerts/all: GREEN
[GATEWAY] Forwarded alert to /topic/alerts/centar and /topic/alerts/all: GREEN
[GATEWAY] Forwarded alert to /topic/alerts/cair and /topic/alerts/all: GREEN
[GATEWAY] Forwarded alert to /topic/alerts/gazi_baba and /topic/alerts/all: GREEN
[GATEWAY] Forwarded alert to /topic/alerts/unknown_area and /topic/alerts/all: GREEN
[GATEWAY] Forwarded alert to /topic/alerts/butel and /topic/alerts/all: GREEN
[GATEWAY] Forwarded alert to /topic/alerts/kisela_voda and /topic/alerts/all: GREEN
[GATEWAY] Forwarded alert to /topic/alerts/suto_orizari and /topic/alerts/all: GREEN
[GATEWAY] Forwarded alert to /topic/alerts/aerodrom and /topic/alerts/all: RED
[GATEWAY] Forwarded alert to /topic/alerts/gjorce_petrov and /topic/alerts/all: GREEN
[GATEWAY] Forwarded alert to /topic/alerts/centar and /topic/alerts/all: RED
[GATEWAY] Forwarded alert to /topic/alerts/karposh and /topic/alerts/all: RED
[GATEWAY] Forwarded alert to /topic/alerts/cair and /topic/alerts/all: RED
[GATEWAY] Forwarded alert to /topic/alerts/butel and /topic/alerts/all: GREEN
[GATEWAY] Forwarded alert to /topic/alerts/unknown_area and /topic/alerts/all: RED
[GATEWAY] Forwarded alert to /topic/alerts/gazi_baba and /topic/alerts/all: RED
[GATEWAY] Forwarded alert to /topic/alerts/butel and /topic/alerts/all: RED
[GATEWAY] Forwarded alert to /topic/alerts/kisela_voda and /topic/alerts/all: RED
[GATEWAY] Forwarded alert to /topic/alerts/aerodrom and /topic/alerts/all: GREEN
[GATEWAY] Forwarded alert to /topic/alerts/suto_orizari and /topic/alerts/all: GREEN
[GATEWAY] Forwarded alert to /topic/alerts/centar and /topic/alerts/all: GREEN
[GATEWAY] Forwarded alert to /topic/alerts/gjorce_petrov and /topic/alerts/all: GREEN
[GATEWAY] Forwarded alert to /topic/alerts/karposh and /topic/alerts/all: GREEN
[GATEWAY] Forwarded alert to /topic/alerts/unknown_area and /topic/alerts/all: GREEN
[GATEWAY] Forwarded alert to /topic/alerts/suto_orizari and /topic/alerts/all: GREEN
[GATEWAY] Forwarded alert to /topic/alerts/cair and /topic/alerts/all: GREEN
[GATEWAY] Forwarded alert to /topic/alerts/kisela_voda and /topic/alerts/all: GREEN
[GATEWAY] Forwarded alert to /topic/alerts/gjorce_petrov and /topic/alerts/all: GREEN
[GATEWAY] Forwarded alert to /topic/alerts/karposh and /topic/alerts/all: GREEN
[GATEWAY] Forwarded alert to /topic/alerts/centar and /topic/alerts/all: GREEN
[GATEWAY] Forwarded alert to /topic/alerts/aerodrom and /topic/alerts/all: GREEN
[GATEWAY] Forwarded alert to /topic/alerts/cair and /topic/alerts/all: GREEN
[GATEWAY] Forwarded alert to /topic/alerts/unknown_area and /topic/alerts/all: GREEN
[GATEWAY] Forwarded alert to /topic/alerts/kisela_voda and /topic/alerts/all: GREEN
[GATEWAY] Forwarded alert to /topic/alerts/suto_orizari and /topic/alerts/all: GREEN
[GATEWAY] Forwarded alert to /topic/alerts/gjorce_petrov and /topic/alerts/all: GREEN
[GATEWAY] Forwarded alert to /topic/alerts/centar and /topic/alerts/all: GREEN
[GATEWAY] Forwarded alert to /topic/alerts/aerodrom and /topic/alerts/all: GREEN
[GATEWAY] Forwarded alert to /topic/alerts/cair and /topic/alerts/all: GREEN
[GATEWAY] Forwarded alert to /topic/alerts/karposh and /topic/alerts/all: GREEN
[GATEWAY] Forwarded alert to /topic/alerts/unknown_area and /topic/alerts/all: GREEN
[GATEWAY] Forwarded alert to /topic/alerts/kisela_voda and /topic/alerts/all: GREEN
[GATEWAY] Forwarded alert to /topic/alerts/suto_orizari and /topic/alerts/all: GREEN
[GATEWAY] Forwarded alert to /topic/alerts/gjorce_petrov and /topic/alerts/all: GREEN
[GATEWAY] Forwarded alert to /topic/alerts/centar and /topic/alerts/all: GREEN
[GATEWAY] Forwarded alert to /topic/alerts/aerodrom and /topic/alerts/all: GREEN
[GATEWAY] Forwarded alert to /topic/alerts/cair and /topic/alerts/all: GREEN
[GATEWAY] Forwarded alert to /topic/alerts/karposh and /topic/alerts/all: GREEN
[GATEWAY] Forwarded alert to /topic/alerts/kisela_voda and /topic/alerts/all: GREEN
[GATEWAY] Forwarded alert to /topic/alerts/unknown_area and /topic/alerts/all: GREEN
[GATEWAY] Forwarded alert to /topic/alerts/suto_orizari and /topic/alerts/all: GREEN
[GATEWAY] Forwarded alert to /topic/alerts/gjorce_petrov and /topic/alerts/all: GREEN
2025-12-24 01:49:06 [MessageBroker-1] INFO  o.s.w.s.c.WebSocketMessageBrokerStats - WebSocketSession[0 current WS(0)-HttpStream(0)-HttpPoll(0), 0 total, 0 closed abnormally (0 connect failure, 0 send limit, 0 transport error)], stompSubProtocol[processed CONNECT(0)-CONNECTED(0)-DISCONNECT(0)], stompBrokerRelay[null], inboundChannel[pool size = 0, active threads = 0, queued tasks = 0, completed tasks = 0], outboundChannel[pool size = 0, active threads = 0, queued tasks = 0, completed tasks = 0], sockJsScheduler[pool size = 1, active threads = 1, queued tasks = 0, completed tasks = 0]
2025-12-24 01:49:27 [SpringApplicationShutdownHook] INFO  o.s.m.s.b.SimpleBrokerMessageHandler - Stopping...
2025-12-24 01:49:27 [SpringApplicationShutdownHook] INFO  o.s.m.s.b.SimpleBrokerMessageHandler - BrokerAvailabilityEvent[available=false, SimpleBrokerMessageHandler [org.springframework.messaging.simp.broker.DefaultSubscriptionRegistry@5f025000]]
2025-12-24 01:49:27 [SpringApplicationShutdownHook] INFO  o.s.m.s.b.SimpleBrokerMessageHandler - Stopped.
2025-12-24 01:49:27 [org.springframework.amqp.rabbit.RabbitListenerEndpointContainer#0-2] INFO  o.s.a.r.l.SimpleMessageListenerContainer - Waiting for workers to finish.
2025-12-24 01:49:28 [org.springframework.amqp.rabbit.RabbitListenerEndpointContainer#0-2] INFO  o.s.a.r.l.SimpleMessageListenerContainer - Successfully waited for workers to finish.
